<?xml version="1.0" encoding="UTF-8"?>
<testsuite name="eagle.RelativePositionTest" tests="3" skipped="0" failures="0" errors="0" timestamp="2015-05-24T16:21:29" hostname="Lardi-Gigabyte" time="0.013">
  <properties/>
  <testcase name="testAdd" classname="eagle.RelativePositionTest" time="0.007"/>
  <testcase name="testMinus" classname="eagle.RelativePositionTest" time="0.001"/>
  <testcase name="testToString" classname="eagle.RelativePositionTest" time="0.0"/>
  <system-out><![CDATA[]]></system-out>
  <system-err><![CDATA[]]></system-err>
</testsuite>
