<?xml version="1.0" encoding="UTF-8"?>
<testsuite name="eagle.BearingTest" tests="1" skipped="0" failures="0" errors="0" timestamp="2015-05-24T16:21:29" hostname="Lardi-Gigabyte" time="0.009">
  <properties/>
  <testcase name="testBearingToString" classname="eagle.BearingTest" time="0.009"/>
  <system-out><![CDATA[]]></system-out>
  <system-err><![CDATA[]]></system-err>
</testsuite>
