<?xml version="1.0" encoding="UTF-8"?>
<testsuite name="eagle.GPSPositionTest" tests="1" skipped="0" failures="0" errors="0" timestamp="2015-05-24T16:45:35" hostname="Lardi-Gigabyte" time="0.016">
  <properties/>
  <testcase name="testToString" classname="eagle.GPSPositionTest" time="0.016"/>
  <system-out><![CDATA[]]></system-out>
  <system-err><![CDATA[]]></system-err>
</testsuite>
